  main.c
e:\project\indianpoker\indianpoker\main.c(269): warning C4013: 'time'이(가) 정의되지 않았습니다. extern은 int형을 반환하는 것으로 간주합니다.
e:\project\indianpoker\indianpoker\main.c(297): warning C4996: 'sprintf': This function or variable may be unsafe. Consider using sprintf_s instead. To disable deprecation, use _CRT_SECURE_NO_WARNINGS. See online help for details.
  c:\program files (x86)\windows kits\10\include\10.0.10240.0\ucrt\stdio.h(1769): note: 'sprintf' 선언을 참조하십시오.
e:\project\indianpoker\indianpoker\main.c(299): warning C4996: 'sprintf': This function or variable may be unsafe. Consider using sprintf_s instead. To disable deprecation, use _CRT_SECURE_NO_WARNINGS. See online help for details.
  c:\program files (x86)\windows kits\10\include\10.0.10240.0\ucrt\stdio.h(1769): note: 'sprintf' 선언을 참조하십시오.
e:\project\indianpoker\indianpoker\main.c(347): warning C4101: 'j' :참조되지 않은 지역 변수입니다.
e:\project\indianpoker\indianpoker\main.c(347): warning C4101: 'i' :참조되지 않은 지역 변수입니다.
e:\project\indianpoker\indianpoker\main.c(426): warning C4101: 'k' :참조되지 않은 지역 변수입니다.
e:\project\indianpoker\indianpoker\main.c(495): warning C4996: 'getch': The POSIX name for this item is deprecated. Instead, use the ISO C and C++ conformant name: _getch. See online help for details.
  c:\program files (x86)\windows kits\10\include\10.0.10240.0\ucrt\conio.h(452): note: 'getch' 선언을 참조하십시오.
e:\project\indianpoker\indianpoker\main.c(778): warning C4020: 'free': 실제 매개 변수가 너무 많습니다.
e:\project\indianpoker\indianpoker\main.c(786): warning C4020: 'free': 실제 매개 변수가 너무 많습니다.
e:\project\indianpoker\indianpoker\main.c(761): warning C4996: 'strcpy': This function or variable may be unsafe. Consider using strcpy_s instead. To disable deprecation, use _CRT_SECURE_NO_WARNINGS. See online help for details.
  c:\program files (x86)\windows kits\10\include\10.0.10240.0\ucrt\string.h(119): note: 'strcpy' 선언을 참조하십시오.
e:\project\indianpoker\indianpoker\main.c(762): warning C4996: 'strcpy': This function or variable may be unsafe. Consider using strcpy_s instead. To disable deprecation, use _CRT_SECURE_NO_WARNINGS. See online help for details.
  c:\program files (x86)\windows kits\10\include\10.0.10240.0\ucrt\string.h(119): note: 'strcpy' 선언을 참조하십시오.
e:\project\indianpoker\indianpoker\main.c(970): warning C4013: 'network_Betting'이(가) 정의되지 않았습니다. extern은 int형을 반환하는 것으로 간주합니다.
e:\project\indianpoker\indianpoker\main.c(829): warning C4996: 'strcpy': This function or variable may be unsafe. Consider using strcpy_s instead. To disable deprecation, use _CRT_SECURE_NO_WARNINGS. See online help for details.
  c:\program files (x86)\windows kits\10\include\10.0.10240.0\ucrt\string.h(119): note: 'strcpy' 선언을 참조하십시오.
e:\project\indianpoker\indianpoker\main.c(830): warning C4996: 'strcpy': This function or variable may be unsafe. Consider using strcpy_s instead. To disable deprecation, use _CRT_SECURE_NO_WARNINGS. See online help for details.
  c:\program files (x86)\windows kits\10\include\10.0.10240.0\ucrt\string.h(119): note: 'strcpy' 선언을 참조하십시오.
e:\project\indianpoker\indianpoker\main.c(1171): warning C4996: 'inet_addr': Use inet_pton() or InetPton() instead or define _WINSOCK_DEPRECATED_NO_WARNINGS to disable deprecated API warnings
  c:\program files (x86)\windows kits\8.1\include\um\winsock2.h(1850): note: 'inet_addr' 선언을 참조하십시오.
e:\project\indianpoker\indianpoker\main.c(1141): warning C4101: 'message' :참조되지 않은 지역 변수입니다.
e:\project\indianpoker\indianpoker\main.c(1442): warning C4133: '함수': 'inGamePlayer *'과(와) 'char *' 사이의 형식이 호환되지 않습니다.
e:\project\indianpoker\indianpoker\main.c(1452): warning C4996: 'scanf': This function or variable may be unsafe. Consider using scanf_s instead. To disable deprecation, use _CRT_SECURE_NO_WARNINGS. See online help for details.
  c:\program files (x86)\windows kits\10\include\10.0.10240.0\ucrt\stdio.h(1270): note: 'scanf' 선언을 참조하십시오.
e:\project\indianpoker\indianpoker\main.c(1479): warning C4133: '함수': 'inGamePlayer *'과(와) 'char *' 사이의 형식이 호환되지 않습니다.
e:\project\indianpoker\indianpoker\main.c(1549): warning C4133: '함수': 'inGamePlayer *'과(와) 'char *' 사이의 형식이 호환되지 않습니다.
e:\project\indianpoker\indianpoker\main.c(1559): warning C4996: 'scanf': This function or variable may be unsafe. Consider using scanf_s instead. To disable deprecation, use _CRT_SECURE_NO_WARNINGS. See online help for details.
  c:\program files (x86)\windows kits\10\include\10.0.10240.0\ucrt\stdio.h(1270): note: 'scanf' 선언을 참조하십시오.
e:\project\indianpoker\indianpoker\main.c(1707): warning C4018: '<': signed 또는 unsigned가 일치하지 않습니다.
e:\project\indianpoker\indianpoker\main.c(1720): warning C4018: '<': signed 또는 unsigned가 일치하지 않습니다.
e:\project\indianpoker\indianpoker\main.c(1737): warning C4996: 'getch': The POSIX name for this item is deprecated. Instead, use the ISO C and C++ conformant name: _getch. See online help for details.
  c:\program files (x86)\windows kits\10\include\10.0.10240.0\ucrt\conio.h(452): note: 'getch' 선언을 참조하십시오.
  IndianPoker.vcxproj -> E:\Project\IndianPoker\Debug\IndianPoker.exe
  IndianPoker.vcxproj -> E:\Project\IndianPoker\Debug\IndianPoker.pdb (Full PDB)
